08/05/25 22:58:06.593 10.1.3.3.0 Started
08/05/25 22:58:38.703 AppJSP-ProjectJSP-webapp: 10.1.3.3.0 Started
08/05/25 22:58:38.859 AppJSP-ProjectJSP-webapp: Servlet error
java.lang.IllegalArgumentException: Resource /pagina.html not found
	at com.evermind[Oracle Containers for J2EE 10g (10.1.3.3.0) ].server.http.EvermindPageContext.include(EvermindPageContext.java:440)
	at _JSP__ej._jspService(_JSP__ej.java:54)
	at com.orionserver[Oracle Containers for J2EE 10g (10.1.3.3.0) ].http.OrionHttpJspPage.service(OrionHttpJspPage.java:59)
	at oracle.jsp.runtimev2.JspPageTable.service(JspPageTable.java:462)
	at oracle.jsp.runtimev2.JspServlet.internalService(JspServlet.java:594)
	at oracle.jsp.runtimev2.JspServlet.service(JspServlet.java:518)
	at javax.servlet.http.HttpServlet.service(HttpServlet.java:856)
	at com.evermind[Oracle Containers for J2EE 10g (10.1.3.3.0) ].server.http.ServletRequestDispatcher.invoke(ServletRequestDispatcher.java:713)
	at com.evermind[Oracle Containers for J2EE 10g (10.1.3.3.0) ].server.http.ServletRequestDispatcher.forwardInternal(ServletRequestDispatcher.java:370)
	at com.evermind[Oracle Containers for J2EE 10g (10.1.3.3.0) ].server.http.HttpRequestHandler.doProcessRequest(HttpRequestHandler.java:871)
	at com.evermind[Oracle Containers for J2EE 10g (10.1.3.3.0) ].server.http.HttpRequestHandler.processRequest(HttpRequestHandler.java:453)
	at com.evermind[Oracle Containers for J2EE 10g (10.1.3.3.0) ].server.http.HttpRequestHandler.serveOneRequest(HttpRequestHandler.java:221)
	at com.evermind[Oracle Containers for J2EE 10g (10.1.3.3.0) ].server.http.HttpRequestHandler.run(HttpRequestHandler.java:122)
	at com.evermind[Oracle Containers for J2EE 10g (10.1.3.3.0) ].server.http.HttpRequestHandler.run(HttpRequestHandler.java:111)
	at oracle.oc4j.network.ServerSocketReadHandler$SafeRunnable.run(ServerSocketReadHandler.java:260)
	at oracle.oc4j.network.ServerSocketAcceptHandler.procClientSocket(ServerSocketAcceptHandler.java:239)
	at oracle.oc4j.network.ServerSocketAcceptHandler.access$700(ServerSocketAcceptHandler.java:34)
	at oracle.oc4j.network.ServerSocketAcceptHandler$AcceptHandlerHorse.run(ServerSocketAcceptHandler.java:880)
	at com.evermind[Oracle Containers for J2EE 10g (10.1.3.3.0) ].util.ReleasableResourcePooledExecutor$MyWorker.run(ReleasableResourcePooledExecutor.java:298)
	at java.lang.Thread.run(Thread.java:595)
08/05/26 15:56:10.984 10.1.3.3.0 Started
08/05/26 15:57:00.78 AppJSP-ProjectJSP-webapp: 10.1.3.3.0 Started
08/05/26 15:57:00.468 AppJSP-ProjectJSP-webapp: Servlet error
java.lang.IllegalArgumentException: Resource /pagina.html not found
	at com.evermind[Oracle Containers for J2EE 10g (10.1.3.3.0) ].server.http.EvermindPageContext.include(EvermindPageContext.java:440)
	at _JSP__ej._jspService(_JSP__ej.java:54)
	at com.orionserver[Oracle Containers for J2EE 10g (10.1.3.3.0) ].http.OrionHttpJspPage.service(OrionHttpJspPage.java:59)
	at oracle.jsp.runtimev2.JspPageTable.service(JspPageTable.java:462)
	at oracle.jsp.runtimev2.JspServlet.internalService(JspServlet.java:594)
	at oracle.jsp.runtimev2.JspServlet.service(JspServlet.java:518)
	at javax.servlet.http.HttpServlet.service(HttpServlet.java:856)
	at com.evermind[Oracle Containers for J2EE 10g (10.1.3.3.0) ].server.http.ServletRequestDispatcher.invoke(ServletRequestDispatcher.java:713)
	at com.evermind[Oracle Containers for J2EE 10g (10.1.3.3.0) ].server.http.ServletRequestDispatcher.forwardInternal(ServletRequestDispatcher.java:370)
	at com.evermind[Oracle Containers for J2EE 10g (10.1.3.3.0) ].server.http.HttpRequestHandler.doProcessRequest(HttpRequestHandler.java:871)
	at com.evermind[Oracle Containers for J2EE 10g (10.1.3.3.0) ].server.http.HttpRequestHandler.processRequest(HttpRequestHandler.java:453)
	at com.evermind[Oracle Containers for J2EE 10g (10.1.3.3.0) ].server.http.HttpRequestHandler.serveOneRequest(HttpRequestHandler.java:221)
	at com.evermind[Oracle Containers for J2EE 10g (10.1.3.3.0) ].server.http.HttpRequestHandler.run(HttpRequestHandler.java:122)
	at com.evermind[Oracle Containers for J2EE 10g (10.1.3.3.0) ].server.http.HttpRequestHandler.run(HttpRequestHandler.java:111)
	at oracle.oc4j.network.ServerSocketReadHandler$SafeRunnable.run(ServerSocketReadHandler.java:260)
	at oracle.oc4j.network.ServerSocketAcceptHandler.procClientSocket(ServerSocketAcceptHandler.java:239)
	at oracle.oc4j.network.ServerSocketAcceptHandler.access$700(ServerSocketAcceptHandler.java:34)
	at oracle.oc4j.network.ServerSocketAcceptHandler$AcceptHandlerHorse.run(ServerSocketAcceptHandler.java:880)
	at com.evermind[Oracle Containers for J2EE 10g (10.1.3.3.0) ].util.ReleasableResourcePooledExecutor$MyWorker.run(ReleasableResourcePooledExecutor.java:298)
	at java.lang.Thread.run(Thread.java:595)
08/05/26 15:59:04.500 AppJSP-ProjectJSP-webapp: Servlet error
java.lang.IllegalArgumentException: Resource /pagina.html not found
	at com.evermind[Oracle Containers for J2EE 10g (10.1.3.3.0) ].server.http.EvermindPageContext.include(EvermindPageContext.java:440)
	at _JSP__ej._jspService(_JSP__ej.java:55)
	at com.orionserver[Oracle Containers for J2EE 10g (10.1.3.3.0) ].http.OrionHttpJspPage.service(OrionHttpJspPage.java:59)
	at oracle.jsp.runtimev2.JspPageTable.compileAndServe(JspPageTable.java:724)
	at oracle.jsp.runtimev2.JspPageTable.service(JspPageTable.java:414)
	at oracle.jsp.runtimev2.JspServlet.internalService(JspServlet.java:594)
	at oracle.jsp.runtimev2.JspServlet.service(JspServlet.java:518)
	at javax.servlet.http.HttpServlet.service(HttpServlet.java:856)
	at com.evermind[Oracle Containers for J2EE 10g (10.1.3.3.0) ].server.http.ServletRequestDispatcher.invoke(ServletRequestDispatcher.java:713)
	at com.evermind[Oracle Containers for J2EE 10g (10.1.3.3.0) ].server.http.ServletRequestDispatcher.forwardInternal(ServletRequestDispatcher.java:370)
	at com.evermind[Oracle Containers for J2EE 10g (10.1.3.3.0) ].server.http.HttpRequestHandler.doProcessRequest(HttpRequestHandler.java:871)
	at com.evermind[Oracle Containers for J2EE 10g (10.1.3.3.0) ].server.http.HttpRequestHandler.processRequest(HttpRequestHandler.java:453)
	at com.evermind[Oracle Containers for J2EE 10g (10.1.3.3.0) ].server.http.HttpRequestHandler.serveOneRequest(HttpRequestHandler.java:221)
	at com.evermind[Oracle Containers for J2EE 10g (10.1.3.3.0) ].server.http.HttpRequestHandler.run(HttpRequestHandler.java:122)
	at com.evermind[Oracle Containers for J2EE 10g (10.1.3.3.0) ].server.http.HttpRequestHandler.run(HttpRequestHandler.java:111)
	at oracle.oc4j.network.ServerSocketReadHandler$SafeRunnable.run(ServerSocketReadHandler.java:260)
	at oracle.oc4j.network.ServerSocketAcceptHandler.procClientSocket(ServerSocketAcceptHandler.java:239)
	at oracle.oc4j.network.ServerSocketAcceptHandler.access$700(ServerSocketAcceptHandler.java:34)
	at oracle.oc4j.network.ServerSocketAcceptHandler$AcceptHandlerHorse.run(ServerSocketAcceptHandler.java:880)
	at com.evermind[Oracle Containers for J2EE 10g (10.1.3.3.0) ].util.ReleasableResourcePooledExecutor$MyWorker.run(ReleasableResourcePooledExecutor.java:303)
	at java.lang.Thread.run(Thread.java:595)
08/05/26 16:07:30.0 AppJSP-ProjectJSP-webapp: Servlet error
java.lang.IllegalArgumentException: Resource /pagina.html not found
	at com.evermind[Oracle Containers for J2EE 10g (10.1.3.3.0) ].server.http.EvermindPageContext.include(EvermindPageContext.java:440)
	at _JSP__ej._jspService(_JSP__ej.java:55)
	at com.orionserver[Oracle Containers for J2EE 10g (10.1.3.3.0) ].http.OrionHttpJspPage.service(OrionHttpJspPage.java:59)
	at oracle.jsp.runtimev2.JspPageTable.compileAndServe(JspPageTable.java:724)
	at oracle.jsp.runtimev2.JspPageTable.service(JspPageTable.java:414)
	at oracle.jsp.runtimev2.JspServlet.internalService(JspServlet.java:594)
	at oracle.jsp.runtimev2.JspServlet.service(JspServlet.java:518)
	at javax.servlet.http.HttpServlet.service(HttpServlet.java:856)
	at com.evermind[Oracle Containers for J2EE 10g (10.1.3.3.0) ].server.http.ServletRequestDispatcher.invoke(ServletRequestDispatcher.java:713)
	at com.evermind[Oracle Containers for J2EE 10g (10.1.3.3.0) ].server.http.ServletRequestDispatcher.forwardInternal(ServletRequestDispatcher.java:370)
	at com.evermind[Oracle Containers for J2EE 10g (10.1.3.3.0) ].server.http.HttpRequestHandler.doProcessRequest(HttpRequestHandler.java:871)
	at com.evermind[Oracle Containers for J2EE 10g (10.1.3.3.0) ].server.http.HttpRequestHandler.processRequest(HttpRequestHandler.java:453)
	at com.evermind[Oracle Containers for J2EE 10g (10.1.3.3.0) ].server.http.HttpRequestHandler.serveOneRequest(HttpRequestHandler.java:221)
	at com.evermind[Oracle Containers for J2EE 10g (10.1.3.3.0) ].server.http.HttpRequestHandler.run(HttpRequestHandler.java:122)
	at com.evermind[Oracle Containers for J2EE 10g (10.1.3.3.0) ].server.http.HttpRequestHandler.run(HttpRequestHandler.java:111)
	at oracle.oc4j.network.ServerSocketReadHandler$SafeRunnable.run(ServerSocketReadHandler.java:260)
	at oracle.oc4j.network.ServerSocketAcceptHandler.procClientSocket(ServerSocketAcceptHandler.java:239)
	at oracle.oc4j.network.ServerSocketAcceptHandler.access$700(ServerSocketAcceptHandler.java:34)
	at oracle.oc4j.network.ServerSocketAcceptHandler$AcceptHandlerHorse.run(ServerSocketAcceptHandler.java:880)
	at com.evermind[Oracle Containers for J2EE 10g (10.1.3.3.0) ].util.ReleasableResourcePooledExecutor$MyWorker.run(ReleasableResourcePooledExecutor.java:303)
	at java.lang.Thread.run(Thread.java:595)
08/05/26 16:22:29.546 AppJSP-ProjectJSP-webapp: JspServlet: No se ha podido distribuir a la página solicitada: oracle.jsp.provider.JspCompileException: <H3>Errores de compilación:D:\mywork\AppJSP\ProjectJSP\classes\.jsps\\_JSP__ej.java</H3><TABLE BORDER=1 WIDTH=100%><TR><TH ALIGN=CENTER>Line #</TH><TH ALIGN=CENTER>Error</TH></TR><TR><TD WIDTH=7% VALIGN=TOP><P ALIGN=CENTER>50</TD><TD>[jsp src:line #:46]<br> error #300: y not found  in class _JSP__ej
       y 
       </TD></TR><TR><TD WIDTH=7% VALIGN=TOP><P ALIGN=CENTER>51</TD><TD>[jsp src:line #:46]<br> error #450: duplicate definition of variable __ojsp_s_out in method _jspService(HttpServletRequest, HttpServletResponse)
      __ojsp_s_out.write(__oracle_jsp_text[2]);
      </TD></TR><TR><TD WIDTH=7% VALIGN=TOP><P ALIGN=CENTER>51</TD><TD>[jsp src:line #:46]<br> error #200: ; expected
      __ojsp_s_out.write(__oracle_jsp_text[2]);
                  </TD></TR><TR><TD WIDTH=7% VALIGN=TOP><P ALIGN=CENTER>53</TD><TD>[jsp src:line #:53]<br> error #553: variable __ojsp_s_out might not have been initialized
      __ojsp_s_out.write(__oracle_jsp_text[3]);
      </TD></TR></TABLE>
	at oracle.jsp.app.JspJavacCompiler.compile(JspJavacCompiler.java:304)
	at oracle.jsp.runtimev2.JspPageCompiler.attemptCompilePage(JspPageCompiler.java:731)
	at oracle.jsp.runtimev2.JspPageCompiler.compileBothModes(JspPageCompiler.java:456)
	at oracle.jsp.runtimev2.JspPageCompiler.compilePage(JspPageCompiler.java:413)
	at oracle.jsp.runtimev2.JspPageInfo.compileAndLoad(JspPageInfo.java:705)
	at oracle.jsp.runtimev2.JspPageTable.compileAndServe(JspPageTable.java:694)
	at oracle.jsp.runtimev2.JspPageTable.service(JspPageTable.java:414)
	at oracle.jsp.runtimev2.JspServlet.internalService(JspServlet.java:594)
	at oracle.jsp.runtimev2.JspServlet.service(JspServlet.java:518)
	at javax.servlet.http.HttpServlet.service(HttpServlet.java:856)
	at com.evermind.server.http.ServletRequestDispatcher.invoke(ServletRequestDispatcher.java:713)
	at com.evermind.server.http.ServletRequestDispatcher.forwardInternal(ServletRequestDispatcher.java:370)
	at com.evermind.server.http.HttpRequestHandler.doProcessRequest(HttpRequestHandler.java:871)
	at com.evermind.server.http.HttpRequestHandler.processRequest(HttpRequestHandler.java:453)
	at com.evermind.server.http.HttpRequestHandler.serveOneRequest(HttpRequestHandler.java:221)
	at com.evermind.server.http.HttpRequestHandler.run(HttpRequestHandler.java:122)
	at com.evermind.server.http.HttpRequestHandler.run(HttpRequestHandler.java:111)
	at oracle.oc4j.network.ServerSocketReadHandler$SafeRunnable.run(ServerSocketReadHandler.java:260)
	at oracle.oc4j.network.ServerSocketAcceptHandler.procClientSocket(ServerSocketAcceptHandler.java:239)
	at oracle.oc4j.network.ServerSocketAcceptHandler.access$700(ServerSocketAcceptHandler.java:34)
	at oracle.oc4j.network.ServerSocketAcceptHandler$AcceptHandlerHorse.run(ServerSocketAcceptHandler.java:880)
	at com.evermind.util.ReleasableResourcePooledExecutor$MyWorker.run(ReleasableResourcePooledExecutor.java:303)
	at java.lang.Thread.run(Thread.java:595)

08/05/26 17:10:47.750 10.1.3.3.0 Started
08/05/26 17:11:05.781 AppJSP-ProjectJSP-webapp: 10.1.3.3.0 Started
