08/05/25 21:27:38.203 10.1.3.3.0 Started
08/05/25 21:28:18.281 AppJSP-ProjectJSP-webapp: 10.1.3.3.0 Started
08/05/25 22:47:51.578 AppJSP-ProjectJSP-webapp: JspServlet: No se ha podido distribuir a la página solicitada: oracle.jsp.parse.JspParseException: /JSP_ej.jsp: Número de Línea 60, <jsp:useBean id="nombre" class="clase.class" /> 
Error: No se ha encontrado la clase del bean: nombre definido por la etiqueta con la clase: clase.class
	at oracle.jsp.parse.OpenJspTagHandler.defineBeans(OpenJspTagHandler.java:634)
	at oracle.jsp.parse.OpenJspTagHandler.defineBeans(OpenJspTagHandler.java:574)
	at oracle.jsp.parse.OpenJspTagHandler.validateTagAttributes(OpenJspTagHandler.java:421)
	at oracle.jsp.parse.JspParseTag.parse(JspParseTag.java:1477)
	at oracle.jsp.parse.OpenJspTagHandler.parse(OpenJspTagHandler.java:816)
	at oracle.jsp.parse.JspParseTag.parseNextTag(JspParseTag.java:1019)
	at oracle.jsp.parse.JspParseTagFile.parse(JspParseTagFile.java:250)
	at oracle.jsp.parse.OracleJsp2Java.transform(OracleJsp2Java.java:479)
	at oracle.jsp.runtimev2.JspPageCompiler.attemptCompilePage(JspPageCompiler.java:670)
	at oracle.jsp.runtimev2.JspPageCompiler.compileBothModes(JspPageCompiler.java:456)
	at oracle.jsp.runtimev2.JspPageCompiler.compilePage(JspPageCompiler.java:413)
	at oracle.jsp.runtimev2.JspPageInfo.compileAndLoad(JspPageInfo.java:705)
	at oracle.jsp.runtimev2.JspPageTable.compileAndServe(JspPageTable.java:694)
	at oracle.jsp.runtimev2.JspPageTable.service(JspPageTable.java:414)
	at oracle.jsp.runtimev2.JspServlet.internalService(JspServlet.java:594)
	at oracle.jsp.runtimev2.JspServlet.service(JspServlet.java:518)
	at javax.servlet.http.HttpServlet.service(HttpServlet.java:856)
	at com.evermind.server.http.ServletRequestDispatcher.invoke(ServletRequestDispatcher.java:713)
	at com.evermind.server.http.ServletRequestDispatcher.forwardInternal(ServletRequestDispatcher.java:370)
	at com.evermind.server.http.HttpRequestHandler.doProcessRequest(HttpRequestHandler.java:871)
	at com.evermind.server.http.HttpRequestHandler.processRequest(HttpRequestHandler.java:453)
	at com.evermind.server.http.HttpRequestHandler.serveOneRequest(HttpRequestHandler.java:221)
	at com.evermind.server.http.HttpRequestHandler.run(HttpRequestHandler.java:122)
	at com.evermind.server.http.HttpRequestHandler.run(HttpRequestHandler.java:111)
	at oracle.oc4j.network.ServerSocketReadHandler$SafeRunnable.run(ServerSocketReadHandler.java:260)
	at oracle.oc4j.network.ServerSocketAcceptHandler.procClientSocket(ServerSocketAcceptHandler.java:239)
	at oracle.oc4j.network.ServerSocketAcceptHandler.access$700(ServerSocketAcceptHandler.java:34)
	at oracle.oc4j.network.ServerSocketAcceptHandler$AcceptHandlerHorse.run(ServerSocketAcceptHandler.java:880)
	at com.evermind.util.ReleasableResourcePooledExecutor$MyWorker.run(ReleasableResourcePooledExecutor.java:298)
	at java.lang.Thread.run(Thread.java:595)

